::1 - - [Wed, 17 Aug 2016 03:12:29 GMT] "GET / HTTP/1.1" 304 - "http://localhost:3000/u/2/2016-8-16/%E7%AC%AC%E4%B8%89%E6%89%B9" "Mozilla/5.0 (Windows NT 6.1; WOW64) AppleWebKit/537.36 (KHTML, like Gecko) Chrome/45.0.2454.101 Safari/537.36"
::1 - - [Wed, 17 Aug 2016 03:12:29 GMT] "GET /stylesheets/style.css HTTP/1.1" 304 - "http://localhost:3000/" "Mozilla/5.0 (Windows NT 6.1; WOW64) AppleWebKit/537.36 (KHTML, like Gecko) Chrome/45.0.2454.101 Safari/537.36"
::1 - - [Wed, 17 Aug 2016 03:12:32 GMT] "GET /favicon.ico HTTP/1.1" 200 216 "http://localhost:3000/" "Mozilla/5.0 (Windows NT 6.1; WOW64) AppleWebKit/537.36 (KHTML, like Gecko) Chrome/45.0.2454.101 Safari/537.36"
::1 - - [Wed, 17 Aug 2016 03:12:33 GMT] "GET / HTTP/1.1" 304 - "http://localhost:3000/" "Mozilla/5.0 (Windows NT 6.1; WOW64) AppleWebKit/537.36 (KHTML, like Gecko) Chrome/45.0.2454.101 Safari/537.36"
::1 - - [Wed, 17 Aug 2016 03:12:33 GMT] "GET /stylesheets/style.css HTTP/1.1" 304 - "http://localhost:3000/" "Mozilla/5.0 (Windows NT 6.1; WOW64) AppleWebKit/537.36 (KHTML, like Gecko) Chrome/45.0.2454.101 Safari/537.36"
::1 - - [Wed, 17 Aug 2016 03:12:33 GMT] "GET /favicon.ico HTTP/1.1" 304 - "http://localhost:3000/" "Mozilla/5.0 (Windows NT 6.1; WOW64) AppleWebKit/537.36 (KHTML, like Gecko) Chrome/45.0.2454.101 Safari/537.36"
::1 - - [Wed, 17 Aug 2016 03:12:33 GMT] "GET /u/1/2016-8-17/[%E8%BD%AC%E8%BD%BD]%E7%AC%AC%E4%B8%89%E6%89%B9 HTTP/1.1" 200 1875 "http://localhost:3000/" "Mozilla/5.0 (Windows NT 6.1; WOW64) AppleWebKit/537.36 (KHTML, like Gecko) Chrome/45.0.2454.101 Safari/537.36"
::1 - - [Wed, 17 Aug 2016 03:12:33 GMT] "GET /stylesheets/style.css HTTP/1.1" 304 - "http://localhost:3000/u/1/2016-8-17/[%E8%BD%AC%E8%BD%BD]%E7%AC%AC%E4%B8%89%E6%89%B9" "Mozilla/5.0 (Windows NT 6.1; WOW64) AppleWebKit/537.36 (KHTML, like Gecko) Chrome/45.0.2454.101 Safari/537.36"
::1 - - [Wed, 17 Aug 2016 03:12:33 GMT] "GET /favicon.ico HTTP/1.1" 304 - "http://localhost:3000/u/1/2016-8-17/[%E8%BD%AC%E8%BD%BD]%E7%AC%AC%E4%B8%89%E6%89%B9" "Mozilla/5.0 (Windows NT 6.1; WOW64) AppleWebKit/537.36 (KHTML, like Gecko) Chrome/45.0.2454.101 Safari/537.36"
::1 - - [Wed, 17 Aug 2016 03:12:34 GMT] "GET /remove/1/2016-8-17/[%E8%BD%AC%E8%BD%BD]%E7%AC%AC%E4%B8%89%E6%89%B9 HTTP/1.1" 302 46 "http://localhost:3000/u/1/2016-8-17/[%E8%BD%AC%E8%BD%BD]%E7%AC%AC%E4%B8%89%E6%89%B9" "Mozilla/5.0 (Windows NT 6.1; WOW64) AppleWebKit/537.36 (KHTML, like Gecko) Chrome/45.0.2454.101 Safari/537.36"
::1 - - [Wed, 17 Aug 2016 03:12:34 GMT] "GET / HTTP/1.1" 200 3001 "http://localhost:3000/u/1/2016-8-17/[%E8%BD%AC%E8%BD%BD]%E7%AC%AC%E4%B8%89%E6%89%B9" "Mozilla/5.0 (Windows NT 6.1; WOW64) AppleWebKit/537.36 (KHTML, like Gecko) Chrome/45.0.2454.101 Safari/537.36"
::1 - - [Wed, 17 Aug 2016 03:12:34 GMT] "GET /stylesheets/style.css HTTP/1.1" 304 - "http://localhost:3000/" "Mozilla/5.0 (Windows NT 6.1; WOW64) AppleWebKit/537.36 (KHTML, like Gecko) Chrome/45.0.2454.101 Safari/537.36"
::1 - - [Wed, 17 Aug 2016 03:12:34 GMT] "GET /favicon.ico HTTP/1.1" 304 - "http://localhost:3000/" "Mozilla/5.0 (Windows NT 6.1; WOW64) AppleWebKit/537.36 (KHTML, like Gecko) Chrome/45.0.2454.101 Safari/537.36"
::1 - - [Wed, 17 Aug 2016 03:12:35 GMT] "GET / HTTP/1.1" 200 2971 "http://localhost:3000/" "Mozilla/5.0 (Windows NT 6.1; WOW64) AppleWebKit/537.36 (KHTML, like Gecko) Chrome/45.0.2454.101 Safari/537.36"
::1 - - [Wed, 17 Aug 2016 03:12:35 GMT] "GET /stylesheets/style.css HTTP/1.1" 304 - "http://localhost:3000/" "Mozilla/5.0 (Windows NT 6.1; WOW64) AppleWebKit/537.36 (KHTML, like Gecko) Chrome/45.0.2454.101 Safari/537.36"
::1 - - [Wed, 17 Aug 2016 03:12:35 GMT] "GET /favicon.ico HTTP/1.1" 304 - "http://localhost:3000/" "Mozilla/5.0 (Windows NT 6.1; WOW64) AppleWebKit/537.36 (KHTML, like Gecko) Chrome/45.0.2454.101 Safari/537.36"
::1 - - [Wed, 17 Aug 2016 03:12:36 GMT] "GET /u/2/2016-8-16/%E7%AC%AC%E4%B8%89%E6%89%B9 HTTP/1.1" 200 1720 "http://localhost:3000/" "Mozilla/5.0 (Windows NT 6.1; WOW64) AppleWebKit/537.36 (KHTML, like Gecko) Chrome/45.0.2454.101 Safari/537.36"
::1 - - [Wed, 17 Aug 2016 03:12:36 GMT] "GET /stylesheets/style.css HTTP/1.1" 304 - "http://localhost:3000/u/2/2016-8-16/%E7%AC%AC%E4%B8%89%E6%89%B9" "Mozilla/5.0 (Windows NT 6.1; WOW64) AppleWebKit/537.36 (KHTML, like Gecko) Chrome/45.0.2454.101 Safari/537.36"
::1 - - [Wed, 17 Aug 2016 03:12:36 GMT] "GET /favicon.ico HTTP/1.1" 304 - "http://localhost:3000/u/2/2016-8-16/%E7%AC%AC%E4%B8%89%E6%89%B9" "Mozilla/5.0 (Windows NT 6.1; WOW64) AppleWebKit/537.36 (KHTML, like Gecko) Chrome/45.0.2454.101 Safari/537.36"
::1 - - [Wed, 17 Aug 2016 03:29:08 GMT] "GET /reprint/2/2016-8-16/%E7%AC%AC%E4%B8%89%E6%89%B9 HTTP/1.1" 302 108 "-" "Mozilla/5.0 (Windows NT 6.1; WOW64) AppleWebKit/537.36 (KHTML, like Gecko) Chrome/45.0.2454.101 Safari/537.36"
::1 - - [Wed, 17 Aug 2016 03:29:18 GMT] "GET /u/undefined/undefined/undefined HTTP/1.1" - - "-" "Mozilla/5.0 (Windows NT 6.1; WOW64) AppleWebKit/537.36 (KHTML, like Gecko) Chrome/45.0.2454.101 Safari/537.36"
::1 - - [Wed, 17 Aug 2016 03:29:19 GMT] "GET /reprint/2/2016-8-16/%E7%AC%AC%E4%B8%89%E6%89%B9 HTTP/1.1" 302 108 "-" "Mozilla/5.0 (Windows NT 6.1; WOW64) AppleWebKit/537.36 (KHTML, like Gecko) Chrome/45.0.2454.101 Safari/537.36"
::1 - - [Wed, 17 Aug 2016 03:29:36 GMT] "GET /favicon.ico HTTP/1.1" 200 216 "-" "Mozilla/5.0 (Windows NT 6.1; WOW64) AppleWebKit/537.36 (KHTML, like Gecko) Chrome/45.0.2454.101 Safari/537.36"
::1 - - [Wed, 17 Aug 2016 03:29:38 GMT] "GET /u/undefined/undefined/undefined HTTP/1.1" - - "-" "Mozilla/5.0 (Windows NT 6.1; WOW64) AppleWebKit/537.36 (KHTML, like Gecko) Chrome/45.0.2454.101 Safari/537.36"
::1 - - [Wed, 17 Aug 2016 03:29:38 GMT] "GET / HTTP/1.1" 200 5583 "-" "Mozilla/5.0 (Windows NT 6.1; WOW64) AppleWebKit/537.36 (KHTML, like Gecko) Chrome/45.0.2454.101 Safari/537.36"
::1 - - [Wed, 17 Aug 2016 03:29:38 GMT] "GET /stylesheets/style.css HTTP/1.1" 304 - "http://localhost:3000/" "Mozilla/5.0 (Windows NT 6.1; WOW64) AppleWebKit/537.36 (KHTML, like Gecko) Chrome/45.0.2454.101 Safari/537.36"
::1 - - [Wed, 17 Aug 2016 03:29:40 GMT] "GET /favicon.ico HTTP/1.1" 304 - "http://localhost:3000/" "Mozilla/5.0 (Windows NT 6.1; WOW64) AppleWebKit/537.36 (KHTML, like Gecko) Chrome/45.0.2454.101 Safari/537.36"
::1 - - [Wed, 17 Aug 2016 03:29:41 GMT] "GET /u/1/2016-8-17/[%E8%BD%AC%E8%BD%BD]%E7%AC%AC%E4%B8%89%E6%89%B9 HTTP/1.1" 200 1875 "http://localhost:3000/" "Mozilla/5.0 (Windows NT 6.1; WOW64) AppleWebKit/537.36 (KHTML, like Gecko) Chrome/45.0.2454.101 Safari/537.36"
::1 - - [Wed, 17 Aug 2016 03:29:41 GMT] "GET /stylesheets/style.css HTTP/1.1" 304 - "http://localhost:3000/u/1/2016-8-17/[%E8%BD%AC%E8%BD%BD]%E7%AC%AC%E4%B8%89%E6%89%B9" "Mozilla/5.0 (Windows NT 6.1; WOW64) AppleWebKit/537.36 (KHTML, like Gecko) Chrome/45.0.2454.101 Safari/537.36"
::1 - - [Wed, 17 Aug 2016 03:29:41 GMT] "GET /favicon.ico HTTP/1.1" 304 - "http://localhost:3000/u/1/2016-8-17/[%E8%BD%AC%E8%BD%BD]%E7%AC%AC%E4%B8%89%E6%89%B9" "Mozilla/5.0 (Windows NT 6.1; WOW64) AppleWebKit/537.36 (KHTML, like Gecko) Chrome/45.0.2454.101 Safari/537.36"
::1 - - [Wed, 17 Aug 2016 03:29:42 GMT] "GET /remove/1/2016-8-17/[%E8%BD%AC%E8%BD%BD]%E7%AC%AC%E4%B8%89%E6%89%B9 HTTP/1.1" 302 46 "http://localhost:3000/u/1/2016-8-17/[%E8%BD%AC%E8%BD%BD]%E7%AC%AC%E4%B8%89%E6%89%B9" "Mozilla/5.0 (Windows NT 6.1; WOW64) AppleWebKit/537.36 (KHTML, like Gecko) Chrome/45.0.2454.101 Safari/537.36"
::1 - - [Wed, 17 Aug 2016 03:29:42 GMT] "GET / HTTP/1.1" 200 3001 "http://localhost:3000/u/1/2016-8-17/[%E8%BD%AC%E8%BD%BD]%E7%AC%AC%E4%B8%89%E6%89%B9" "Mozilla/5.0 (Windows NT 6.1; WOW64) AppleWebKit/537.36 (KHTML, like Gecko) Chrome/45.0.2454.101 Safari/537.36"
::1 - - [Wed, 17 Aug 2016 03:29:42 GMT] "GET /stylesheets/style.css HTTP/1.1" 304 - "http://localhost:3000/" "Mozilla/5.0 (Windows NT 6.1; WOW64) AppleWebKit/537.36 (KHTML, like Gecko) Chrome/45.0.2454.101 Safari/537.36"
::1 - - [Wed, 17 Aug 2016 03:29:42 GMT] "GET /favicon.ico HTTP/1.1" 304 - "http://localhost:3000/" "Mozilla/5.0 (Windows NT 6.1; WOW64) AppleWebKit/537.36 (KHTML, like Gecko) Chrome/45.0.2454.101 Safari/537.36"
::1 - - [Wed, 17 Aug 2016 03:29:42 GMT] "GET / HTTP/1.1" 200 2971 "http://localhost:3000/" "Mozilla/5.0 (Windows NT 6.1; WOW64) AppleWebKit/537.36 (KHTML, like Gecko) Chrome/45.0.2454.101 Safari/537.36"
::1 - - [Wed, 17 Aug 2016 03:29:43 GMT] "GET /stylesheets/style.css HTTP/1.1" 304 - "http://localhost:3000/" "Mozilla/5.0 (Windows NT 6.1; WOW64) AppleWebKit/537.36 (KHTML, like Gecko) Chrome/45.0.2454.101 Safari/537.36"
::1 - - [Wed, 17 Aug 2016 03:29:43 GMT] "GET /favicon.ico HTTP/1.1" 304 - "http://localhost:3000/" "Mozilla/5.0 (Windows NT 6.1; WOW64) AppleWebKit/537.36 (KHTML, like Gecko) Chrome/45.0.2454.101 Safari/537.36"
::1 - - [Wed, 17 Aug 2016 03:29:43 GMT] "GET /u/2/2016-8-16/%E7%AC%AC%E4%B8%89%E6%89%B9 HTTP/1.1" 200 1720 "http://localhost:3000/" "Mozilla/5.0 (Windows NT 6.1; WOW64) AppleWebKit/537.36 (KHTML, like Gecko) Chrome/45.0.2454.101 Safari/537.36"
::1 - - [Wed, 17 Aug 2016 03:29:43 GMT] "GET /stylesheets/style.css HTTP/1.1" 304 - "http://localhost:3000/u/2/2016-8-16/%E7%AC%AC%E4%B8%89%E6%89%B9" "Mozilla/5.0 (Windows NT 6.1; WOW64) AppleWebKit/537.36 (KHTML, like Gecko) Chrome/45.0.2454.101 Safari/537.36"
::1 - - [Wed, 17 Aug 2016 03:29:43 GMT] "GET /favicon.ico HTTP/1.1" 304 - "http://localhost:3000/u/2/2016-8-16/%E7%AC%AC%E4%B8%89%E6%89%B9" "Mozilla/5.0 (Windows NT 6.1; WOW64) AppleWebKit/537.36 (KHTML, like Gecko) Chrome/45.0.2454.101 Safari/537.36"
::1 - - [Wed, 17 Aug 2016 03:29:44 GMT] "GET /reprint/2/2016-8-16/%E7%AC%AC%E4%B8%89%E6%89%B9 HTTP/1.1" 302 108 "http://localhost:3000/u/2/2016-8-16/%E7%AC%AC%E4%B8%89%E6%89%B9" "Mozilla/5.0 (Windows NT 6.1; WOW64) AppleWebKit/537.36 (KHTML, like Gecko) Chrome/45.0.2454.101 Safari/537.36"
::1 - - [Wed, 17 Aug 2016 03:29:52 GMT] "GET /u/undefined/undefined/undefined HTTP/1.1" - - "http://localhost:3000/u/2/2016-8-16/%E7%AC%AC%E4%B8%89%E6%89%B9" "Mozilla/5.0 (Windows NT 6.1; WOW64) AppleWebKit/537.36 (KHTML, like Gecko) Chrome/45.0.2454.101 Safari/537.36"
::1 - - [Wed, 17 Aug 2016 03:29:52 GMT] "GET /favicon.ico HTTP/1.1" 304 - "http://localhost:3000/u/2/2016-8-16/%E7%AC%AC%E4%B8%89%E6%89%B9" "Mozilla/5.0 (Windows NT 6.1; WOW64) AppleWebKit/537.36 (KHTML, like Gecko) Chrome/45.0.2454.101 Safari/537.36"
::1 - - [Wed, 17 Aug 2016 03:29:52 GMT] "POST /u/2/2016-8-16/%E7%AC%AC%E4%B8%89%E6%89%B9 HTTP/1.1" 302 170 "http://localhost:3000/u/2/2016-8-16/%E7%AC%AC%E4%B8%89%E6%89%B9" "Mozilla/5.0 (Windows NT 6.1; WOW64) AppleWebKit/537.36 (KHTML, like Gecko) Chrome/45.0.2454.101 Safari/537.36"
::1 - - [Wed, 17 Aug 2016 03:29:52 GMT] "GET /u/2/2016-8-16/%E7%AC%AC%E4%B8%89%E6%89%B9 HTTP/1.1" 200 1973 "http://localhost:3000/u/2/2016-8-16/%E7%AC%AC%E4%B8%89%E6%89%B9" "Mozilla/5.0 (Windows NT 6.1; WOW64) AppleWebKit/537.36 (KHTML, like Gecko) Chrome/45.0.2454.101 Safari/537.36"
::1 - - [Wed, 17 Aug 2016 03:29:52 GMT] "GET /stylesheets/style.css HTTP/1.1" 304 - "http://localhost:3000/u/2/2016-8-16/%E7%AC%AC%E4%B8%89%E6%89%B9" "Mozilla/5.0 (Windows NT 6.1; WOW64) AppleWebKit/537.36 (KHTML, like Gecko) Chrome/45.0.2454.101 Safari/537.36"
::1 - - [Wed, 17 Aug 2016 03:29:57 GMT] "GET / HTTP/1.1" 200 3613 "http://localhost:3000/u/2/2016-8-16/%E7%AC%AC%E4%B8%89%E6%89%B9" "Mozilla/5.0 (Windows NT 6.1; WOW64) AppleWebKit/537.36 (KHTML, like Gecko) Chrome/45.0.2454.101 Safari/537.36"
::1 - - [Wed, 17 Aug 2016 03:29:57 GMT] "GET /stylesheets/style.css HTTP/1.1" 304 - "http://localhost:3000/" "Mozilla/5.0 (Windows NT 6.1; WOW64) AppleWebKit/537.36 (KHTML, like Gecko) Chrome/45.0.2454.101 Safari/537.36"
::1 - - [Wed, 17 Aug 2016 03:29:57 GMT] "GET /favicon.ico HTTP/1.1" 304 - "http://localhost:3000/" "Mozilla/5.0 (Windows NT 6.1; WOW64) AppleWebKit/537.36 (KHTML, like Gecko) Chrome/45.0.2454.101 Safari/537.36"
::1 - - [Wed, 17 Aug 2016 03:29:59 GMT] "GET /u/1/2016-8-17/[%E8%BD%AC%E8%BD%BD]%E7%AC%AC%E4%B8%89%E6%89%B9 HTTP/1.1" 200 1875 "http://localhost:3000/" "Mozilla/5.0 (Windows NT 6.1; WOW64) AppleWebKit/537.36 (KHTML, like Gecko) Chrome/45.0.2454.101 Safari/537.36"
::1 - - [Wed, 17 Aug 2016 03:29:59 GMT] "GET /stylesheets/style.css HTTP/1.1" 304 - "http://localhost:3000/u/1/2016-8-17/[%E8%BD%AC%E8%BD%BD]%E7%AC%AC%E4%B8%89%E6%89%B9" "Mozilla/5.0 (Windows NT 6.1; WOW64) AppleWebKit/537.36 (KHTML, like Gecko) Chrome/45.0.2454.101 Safari/537.36"
::1 - - [Wed, 17 Aug 2016 03:29:59 GMT] "GET /favicon.ico HTTP/1.1" 304 - "http://localhost:3000/u/1/2016-8-17/[%E8%BD%AC%E8%BD%BD]%E7%AC%AC%E4%B8%89%E6%89%B9" "Mozilla/5.0 (Windows NT 6.1; WOW64) AppleWebKit/537.36 (KHTML, like Gecko) Chrome/45.0.2454.101 Safari/537.36"
::1 - - [Wed, 17 Aug 2016 03:30:01 GMT] "GET /edit/1/2016-8-17/[%E8%BD%AC%E8%BD%BD]%E7%AC%AC%E4%B8%89%E6%89%B9 HTTP/1.1" 200 1299 "http://localhost:3000/u/1/2016-8-17/[%E8%BD%AC%E8%BD%BD]%E7%AC%AC%E4%B8%89%E6%89%B9" "Mozilla/5.0 (Windows NT 6.1; WOW64) AppleWebKit/537.36 (KHTML, like Gecko) Chrome/45.0.2454.101 Safari/537.36"
::1 - - [Wed, 17 Aug 2016 03:30:01 GMT] "GET /stylesheets/style.css HTTP/1.1" 304 - "http://localhost:3000/edit/1/2016-8-17/[%E8%BD%AC%E8%BD%BD]%E7%AC%AC%E4%B8%89%E6%89%B9" "Mozilla/5.0 (Windows NT 6.1; WOW64) AppleWebKit/537.36 (KHTML, like Gecko) Chrome/45.0.2454.101 Safari/537.36"
::1 - - [Wed, 17 Aug 2016 03:30:01 GMT] "GET /favicon.ico HTTP/1.1" 304 - "http://localhost:3000/edit/1/2016-8-17/[%E8%BD%AC%E8%BD%BD]%E7%AC%AC%E4%B8%89%E6%89%B9" "Mozilla/5.0 (Windows NT 6.1; WOW64) AppleWebKit/537.36 (KHTML, like Gecko) Chrome/45.0.2454.101 Safari/537.36"
::1 - - [Wed, 17 Aug 2016 03:30:03 GMT] "POST /edit/1/2016-8-17/[%E8%BD%AC%E8%BD%BD]%E7%AC%AC%E4%B8%89%E6%89%B9 HTTP/1.1" 302 176 "http://localhost:3000/edit/1/2016-8-17/[%E8%BD%AC%E8%BD%BD]%E7%AC%AC%E4%B8%89%E6%89%B9" "Mozilla/5.0 (Windows NT 6.1; WOW64) AppleWebKit/537.36 (KHTML, like Gecko) Chrome/45.0.2454.101 Safari/537.36"
::1 - - [Wed, 17 Aug 2016 03:30:03 GMT] "GET /u/1/2016-8-17/%5B%E8%BD%AC%E8%BD%BD%5D%E7%AC%AC%E4%B8%89%E6%89%B9 HTTP/1.1" 200 1905 "http://localhost:3000/edit/1/2016-8-17/[%E8%BD%AC%E8%BD%BD]%E7%AC%AC%E4%B8%89%E6%89%B9" "Mozilla/5.0 (Windows NT 6.1; WOW64) AppleWebKit/537.36 (KHTML, like Gecko) Chrome/45.0.2454.101 Safari/537.36"
::1 - - [Wed, 17 Aug 2016 03:30:03 GMT] "GET /stylesheets/style.css HTTP/1.1" 304 - "http://localhost:3000/u/1/2016-8-17/%5B%E8%BD%AC%E8%BD%BD%5D%E7%AC%AC%E4%B8%89%E6%89%B9" "Mozilla/5.0 (Windows NT 6.1; WOW64) AppleWebKit/537.36 (KHTML, like Gecko) Chrome/45.0.2454.101 Safari/537.36"
::1 - - [Wed, 17 Aug 2016 03:30:03 GMT] "GET /favicon.ico HTTP/1.1" 304 - "http://localhost:3000/u/1/2016-8-17/%5B%E8%BD%AC%E8%BD%BD%5D%E7%AC%AC%E4%B8%89%E6%89%B9" "Mozilla/5.0 (Windows NT 6.1; WOW64) AppleWebKit/537.36 (KHTML, like Gecko) Chrome/45.0.2454.101 Safari/537.36"
::1 - - [Wed, 17 Aug 2016 03:30:05 GMT] "GET / HTTP/1.1" 200 3613 "http://localhost:3000/u/1/2016-8-17/%5B%E8%BD%AC%E8%BD%BD%5D%E7%AC%AC%E4%B8%89%E6%89%B9" "Mozilla/5.0 (Windows NT 6.1; WOW64) AppleWebKit/537.36 (KHTML, like Gecko) Chrome/45.0.2454.101 Safari/537.36"
::1 - - [Wed, 17 Aug 2016 03:30:05 GMT] "GET /stylesheets/style.css HTTP/1.1" 304 - "http://localhost:3000/" "Mozilla/5.0 (Windows NT 6.1; WOW64) AppleWebKit/537.36 (KHTML, like Gecko) Chrome/45.0.2454.101 Safari/537.36"
::1 - - [Wed, 17 Aug 2016 03:30:05 GMT] "GET /favicon.ico HTTP/1.1" 304 - "http://localhost:3000/" "Mozilla/5.0 (Windows NT 6.1; WOW64) AppleWebKit/537.36 (KHTML, like Gecko) Chrome/45.0.2454.101 Safari/537.36"
::1 - - [Wed, 17 Aug 2016 06:36:32 GMT] "GET /favicon.ico HTTP/1.1" 200 216 "-" "Mozilla/5.0 (Windows NT 6.1; WOW64) AppleWebKit/537.36 (KHTML, like Gecko) Chrome/45.0.2454.101 Safari/537.36"
::1 - - [Fri, 19 Aug 2016 08:44:02 GMT] "GET /favicon.ico HTTP/1.1" 200 216 "-" "Mozilla/5.0 (Windows NT 6.1; WOW64) AppleWebKit/537.36 (KHTML, like Gecko) Chrome/45.0.2454.101 Safari/537.36"
::1 - - [Fri, 19 Aug 2016 08:45:00 GMT] "GET / HTTP/1.1" 304 - "-" "Mozilla/5.0 (Windows NT 6.1; WOW64) AppleWebKit/537.36 (KHTML, like Gecko) Chrome/45.0.2454.101 Safari/537.36"
::1 - - [Fri, 19 Aug 2016 08:45:00 GMT] "GET /stylesheets/style.css HTTP/1.1" 304 - "http://localhost:3000/" "Mozilla/5.0 (Windows NT 6.1; WOW64) AppleWebKit/537.36 (KHTML, like Gecko) Chrome/45.0.2454.101 Safari/537.36"
::1 - - [Fri, 19 Aug 2016 08:45:02 GMT] "GET /favicon.ico HTTP/1.1" 304 - "http://localhost:3000/" "Mozilla/5.0 (Windows NT 6.1; WOW64) AppleWebKit/537.36 (KHTML, like Gecko) Chrome/45.0.2454.101 Safari/537.36"
::ffff:127.0.0.1 - - [Fri, 19 Aug 2016 08:45:05 GMT] "GET / HTTP/1.1" 200 3554 "-" "Mozilla/5.0 (Windows NT 6.1; WOW64; rv:48.0) Gecko/20100101 Firefox/48.0"
::ffff:127.0.0.1 - - [Fri, 19 Aug 2016 08:45:06 GMT] "GET /stylesheets/style.css HTTP/1.1" 200 1840 "http://localhost:3000/" "Mozilla/5.0 (Windows NT 6.1; WOW64; rv:48.0) Gecko/20100101 Firefox/48.0"
::ffff:127.0.0.1 - - [Fri, 19 Aug 2016 08:45:06 GMT] "GET /favicon.ico HTTP/1.1" 200 216 "-" "Mozilla/5.0 (Windows NT 6.1; WOW64; rv:48.0) Gecko/20100101 Firefox/48.0"
::ffff:127.0.0.1 - - [Fri, 19 Aug 2016 08:45:06 GMT] "GET /favicon.ico HTTP/1.1" 304 - "-" "Mozilla/5.0 (Windows NT 6.1; WOW64; rv:48.0) Gecko/20100101 Firefox/48.0"
::ffff:127.0.0.1 - - [Fri, 19 Aug 2016 08:45:08 GMT] "GET / HTTP/1.1" 304 - "http://localhost:3000/" "Mozilla/5.0 (Windows NT 6.1; WOW64; rv:48.0) Gecko/20100101 Firefox/48.0"
::ffff:127.0.0.1 - - [Fri, 19 Aug 2016 08:45:08 GMT] "GET /stylesheets/style.css HTTP/1.1" 304 - "http://localhost:3000/" "Mozilla/5.0 (Windows NT 6.1; WOW64; rv:48.0) Gecko/20100101 Firefox/48.0"
::ffff:127.0.0.1 - - [Fri, 19 Aug 2016 08:45:20 GMT] "GET /u/1/2016-8-17/[%E8%BD%AC%E8%BD%BD]%E7%AC%AC%E4%B8%89%E6%89%B9 HTTP/1.1" 200 1605 "http://localhost:3000/" "Mozilla/5.0 (Windows NT 6.1; WOW64; rv:48.0) Gecko/20100101 Firefox/48.0"
::ffff:127.0.0.1 - - [Fri, 19 Aug 2016 08:45:20 GMT] "GET /stylesheets/style.css HTTP/1.1" 304 - "http://localhost:3000/u/1/2016-8-17/[%E8%BD%AC%E8%BD%BD]%E7%AC%AC%E4%B8%89%E6%89%B9" "Mozilla/5.0 (Windows NT 6.1; WOW64; rv:48.0) Gecko/20100101 Firefox/48.0"
::ffff:127.0.0.1 - - [Fri, 19 Aug 2016 08:45:25 GMT] "GET / HTTP/1.1" 200 3554 "http://localhost:3000/u/1/2016-8-17/[%E8%BD%AC%E8%BD%BD]%E7%AC%AC%E4%B8%89%E6%89%B9" "Mozilla/5.0 (Windows NT 6.1; WOW64; rv:48.0) Gecko/20100101 Firefox/48.0"
::ffff:127.0.0.1 - - [Fri, 19 Aug 2016 08:45:25 GMT] "GET /stylesheets/style.css HTTP/1.1" 304 - "http://localhost:3000/" "Mozilla/5.0 (Windows NT 6.1; WOW64; rv:48.0) Gecko/20100101 Firefox/48.0"
::ffff:127.0.0.1 - - [Fri, 19 Aug 2016 08:45:26 GMT] "GET /u/2/2016-8-16/%E7%AC%AC%E4%B8%89%E6%89%B9 HTTP/1.1" 200 1789 "http://localhost:3000/" "Mozilla/5.0 (Windows NT 6.1; WOW64; rv:48.0) Gecko/20100101 Firefox/48.0"
::ffff:127.0.0.1 - - [Fri, 19 Aug 2016 08:45:26 GMT] "GET /stylesheets/style.css HTTP/1.1" 304 - "http://localhost:3000/u/2/2016-8-16/%E7%AC%AC%E4%B8%89%E6%89%B9" "Mozilla/5.0 (Windows NT 6.1; WOW64; rv:48.0) Gecko/20100101 Firefox/48.0"
